0	9.1033E-6
1	9.0203E-6
2	9.037E-6
3	8.9767E-6
4	9.1386E-6
5	9.1911E-6
6	9.0285E-6
7	9.0131E-6
8	9.0101E-6
9	9.1283E-6
10	9.0419E-6
11	8.9812E-6
12	8.9699E-6
13	9.0234E-6
14	9.0086E-6
15	8.9654E-6
16	8.9824E-6
17	9.0268E-6
18	9.1147E-6
19	9.0007E-6
20	8.9877E-6
21	9.0737E-6
22	9.0527E-6
23	9.076E-6
24	9.0198E-6
25	9.0874E-6
26	8.9671E-6
27	9.0878E-6
28	9.1598E-6
29	9.0599E-6
30	8.9523E-6
31	9.0745E-6
32	9.0808E-6
33	9.1651E-6
34	9.0387E-6
35	8.9675E-6
36	9.1781E-6
37	8.948E-6
38	9.1562E-6
39	9.0798E-6
40	9.14E-6
41	9.0148E-6
42	9.0306E-6
43	8.971E-6
44	9.0619E-6
45	9.0488E-6
46	9.0301E-6
47	9.152E-6
48	9.0845E-6
49	8.9548E-6
50	9.0185E-6
51	9.0589E-6
52	9.1929E-6
53	9.0523E-6
54	8.9621E-6
55	8.994E-6
56	8.9499E-6
57	9.0231E-6
58	9.0904E-6
59	9.048E-6
60	9.039E-6
61	9.0242E-6
62	8.9989E-6
63	9.0547E-6
64	9.07E-6
65	9.0892E-6
66	9.194E-6
67	9.0653E-6
68	9.0618E-6
69	9.0366E-6
70	9.1344E-6
71	9.0441E-6
72	8.9852E-6
73	9.1947E-6
74	9.0268E-6
75	9.038E-6
76	9.1437E-6
77	9.0218E-6
78	8.9645E-6
79	9.0331E-6
80	9.046E-6
81	9.0961E-6
82	9.0605E-6
83	9.0803E-6
84	9.166E-6
85	9.0071E-6
86	9.0879E-6
87	9.045E-6
88	8.9477E-6
89	9.1016E-6
90	8.9853E-6
91	9.0795E-6
92	9.0652E-6
93	9.1272E-6
94	9.0024E-6
95	8.9789E-6
96	9.1814E-6
97	9.0124E-6
98	8.9992E-6
99	9.0076E-6
100	8.9643E-6
101	9.06E-6
102	8.9521E-6
103	8.9891E-6
104	9.198E-6
105	9.0287E-6
106	9.0567E-6
107	8.9876E-6
108	9.0265E-6
109	9.012E-6
110	9.0479E-6
111	8.9519E-6
112	9.1896E-6
113	9.0791E-6
114	9.0812E-6
115	9.0555E-6
116	8.9843E-6
117	9.1778E-6
118	8.9983E-6
119	9.0135E-6
120	8.9945E-6
121	8.9716E-6
122	8.9549E-6
123	9.0676E-6
124	9.0446E-6
125	9.0052E-6
126	9.1005E-6
127	9.1892E-6
128	8.9875E-6
129	9.0373E-6
130	9.0666E-6
131	9.0334E-6
132	9.0355E-6
133	9.1713E-6
134	9.0484E-6
135	8.9545E-6
136	9.0643E-6
137	9.0782E-6
138	9.023E-6
139	9.1793E-6
140	9.023E-6
141	9.029E-6
142	8.9524E-6
143	9.081E-6
144	9.0567E-6
145	9.0579E-6
146	9.0312E-6
147	8.9976E-6
148	8.9607E-6
149	9.0141E-6
150	8.9807E-6
151	9.1712E-6
152	9.0941E-6
153	9.1861E-6
154	9.0433E-6
155	8.958E-6
156	9.1865E-6
157	8.9513E-6
158	9.1182E-6
159	9.0663E-6
160	9.1682E-6
161	9.1116E-6
162	9.1246E-6
163	9.1367E-6
164	8.9944E-6
165	9.0037E-6
166	9.0612E-6
167	9.097E-6
168	9.1294E-6
169	8.9643E-6
170	9.1745E-6
171	8.9575E-6
172	9.0562E-6
173	8.9681E-6
174	9.0428E-6
175	8.9764E-6
176	9.0985E-6
177	9.0054E-6
178	9.1624E-6
179	9.0516E-6
180	9.0182E-6
181	9.1294E-6
182	8.9669E-6
183	8.9587E-6
184	9.1736E-6
185	8.9711E-6
186	9.1139E-6
187	9.1149E-6
188	9.0599E-6
189	9.1797E-6
190	9.0479E-6
191	8.9763E-6
192	8.9854E-6
193	9.0173E-6
194	9.0469E-6
195	9.0265E-6
196	9.105E-6
197	9.096E-6
198	9.0109E-6
199	9.0572E-6
200	9.1626E-6
201	9.0594E-6
202	9.064E-6
203	8.9539E-6
204	9.0545E-6
205	9.1631E-6
206	9.0227E-6
207	9.0594E-6
208	9.1622E-6
209	9.1692E-6
210	8.9618E-6
211	9.0677E-6
212	8.9818E-6
213	9.1828E-6
214	9.138E-6
215	9.0185E-6
216	9.1196E-6
217	9.1467E-6
218	9.0912E-6
219	9.1706E-6
220	9.1164E-6
221	8.9865E-6
222	9.1063E-6
223	8.9629E-6
224	8.9997E-6
225	9.1717E-6
226	9.0771E-6
227	8.9778E-6
228	8.9515E-6
229	9.1398E-6
230	9.009E-6
231	9.1214E-6
232	9.0422E-6
233	8.9508E-6
234	9.0753E-6
235	8.9967E-6
236	8.9866E-6
237	9.125E-6
238	9.1787E-6
239	9.0938E-6
240	9.0181E-6
241	8.9879E-6
242	9.0473E-6
243	9.1178E-6
244	8.9576E-6
245	9.0785E-6
246	8.9662E-6
247	9.0819E-6
248	9.0687E-6
249	9.1282E-6
250	9.0574E-6
251	9.0148E-6
252	8.996E-6
253	8.9661E-6
254	8.9616E-6
255	9.1835E-6
256	9.0142E-6
257	9.151E-6
258	9.0713E-6
259	9.1423E-6
260	9.0986E-6
261	9.0671E-6
262	9.1131E-6
263	9.0669E-6
264	9.0299E-6
265	9.0193E-6
266	9.0903E-6
267	9.0623E-6
268	9.1398E-6
269	9.0332E-6
270	8.9744E-6
271	9.012E-6
272	8.952E-6
273	9.0203E-6
274	9.0306E-6
275	9.03E-6
276	9.0675E-6
277	9.0121E-6
278	9.1885E-6
279	9.0215E-6
280	9.1747E-6
281	9.1697E-6
282	9.0207E-6
283	9.0585E-6
284	9.1236E-6
285	9.0311E-6
286	9.1319E-6
287	8.9546E-6
288	9.0988E-6
289	9.0467E-6
290	9.0671E-6
291	9.107E-6
292	9.0956E-6
293	9.0801E-6
294	9.1807E-6
295	9.0208E-6
296	9.0094E-6
297	9.1415E-6
298	9.0274E-6
299	9.065E-6
300	9.133E-6
301	9.016E-6
302	9.1363E-6
303	9.0385E-6
304	8.9737E-6
305	9.0793E-6
306	9.0878E-6
307	9.0062E-6
308	9.052E-6
309	9.0476E-6
310	8.973E-6
311	9.1302E-6
312	9.17E-6
313	8.9586E-6
314	9.1843E-6
315	8.991E-6
316	9.1173E-6
317	9.1391E-6
318	8.9934E-6
319	9.047E-6
320	9.001E-6
321	8.9902E-6
322	8.9505E-6
323	9.0639E-6
324	9.0181E-6
325	9.191E-6
326	9.1219E-6
327	9.1509E-6
328	9.0504E-6
329	9.1769E-6
330	9.0617E-6
331	8.9766E-6
332	9.0201E-6
333	9.0739E-6
334	8.9525E-6
335	9.0128E-6
336	9.038E-6
337	9.1362E-6
338	9.0268E-6
339	9.0888E-6
340	9.1567E-6
341	8.9652E-6
342	8.9556E-6
343	8.9476E-6
344	9.1681E-6
345	9.1153E-6
346	9.1707E-6
347	9.047E-6
348	9.0231E-6
349	9.1185E-6
350	9.1056E-6
351	9.0332E-6
352	9.0681E-6
353	8.9596E-6
354	9.1683E-6
355	9.1082E-6
356	9.1527E-6
357	9.0937E-6
358	9.064E-6
359	9.1892E-6
360	9.0265E-6
361	9.0487E-6
362	9.0524E-6
363	9.1089E-6
364	9.1161E-6
365	8.9754E-6
366	9.1109E-6
367	8.9742E-6
368	9.0169E-6
369	8.9841E-6
370	9.155E-6
371	9.0298E-6
372	9.0061E-6
373	9.0099E-6
374	8.9664E-6
375	8.9642E-6
376	9.1894E-6
377	9.0594E-6
378	9.1317E-6
379	8.9839E-6
380	8.9928E-6
381	9.1925E-6
382	9.1431E-6
383	8.9796E-6
384	8.9687E-6
385	8.955E-6
386	9.0315E-6
387	8.9835E-6
388	9.127E-6
389	9.156E-6
390	9.1156E-6
391	8.9779E-6
392	9.1235E-6
393	8.9606E-6
394	9.0E-6
395	9.0458E-6
396	9.0599E-6
397	9.0081E-6
398	8.9778E-6
399	9.0099E-6
400	8.9767E-6
401	9.1243E-6
402	9.1216E-6
403	9.1371E-6
404	9.1369E-6
405	9.1134E-6
406	9.0707E-6
407	8.983E-6
408	9.0188E-6
409	9.0553E-6
410	9.1947E-6
411	9.1862E-6
412	8.997E-6
413	9.0558E-6
414	8.9642E-6
415	9.1947E-6
416	9.1907E-6
417	8.9873E-6
418	8.9748E-6
419	8.953E-6
420	1.40163E-5
421	9.1295E-6
422	9.0115E-6
423	9.1444E-6
424	9.0058E-6
425	9.084E-6
426	9.0119E-6
427	9.0705E-6
428	9.0421E-6
429	9.0512E-6
430	8.9987E-6
431	9.0823E-6
432	9.0551E-6
433	9.0153E-6
434	9.1694E-6
435	8.9909E-6
436	9.0041E-6
437	9.0257E-6
438	9.1695E-6
439	9.0045E-6
440	8.9947E-6
441	9.1476E-6
442	8.9758E-6
443	8.9857E-6
444	9.1147E-6
445	9.0644E-6
446	9.0571E-6
447	9.1945E-6
448	9.0157E-6
449	9.0633E-6
450	9.0624E-6
451	8.9502E-6
452	9.1977E-6
453	8.9923E-6
454	8.9859E-6
455	9.1562E-6
456	9.0566E-6
457	8.9979E-6
458	8.9966E-6
459	9.0354E-6
460	8.9927E-6
461	9.0392E-6
462	9.074E-6
463	9.1309E-6
464	9.1269E-6
465	9.075E-6
466	9.0289E-6
467	9.0055E-6
468	8.9528E-6
469	9.0532E-6
470	9.177E-6
471	9.0985E-6
472	9.0267E-6
473	9.1333E-6
474	8.9779E-6
475	8.9889E-6
476	9.0221E-6
477	9.0473E-6
478	8.9479E-6
479	8.962E-6
480	9.1264E-6
481	8.9936E-6
482	9.0546E-6
483	9.1791E-6
484	8.9558E-6
485	9.1717E-6
486	8.9882E-6
487	9.1929E-6
488	9.028E-6
489	9.188E-6
490	9.0576E-6
491	9.1738E-6
492	9.1924E-6
493	9.1087E-6
494	9.0087E-6
495	8.9584E-6
496	9.1009E-6
497	9.1294E-6
498	9.0705E-6
499	9.0503E-6
