0	7.4498E-6
1	8.2073E-6
2	7.5302E-6
3	8.4922E-6
4	8.2614E-6
5	7.874E-6
6	8.9299E-6
7	9.0386E-6
8	8.8062E-6
9	7.4784E-6
10	9.9641E-6
11	7.1933E-6
12	8.2246E-6
13	8.9787E-6
14	9.712E-6
15	8.2162E-6
16	8.5631E-6
17	7.174E-6
18	1.48937E-5
19	9.637E-6
20	9.4384E-6
21	7.3117E-6
22	8.0877E-6
23	1.29843E-5
24	7.4869E-6
25	8.8379E-6
26	7.5209E-6
27	8.0141E-6
28	7.2477E-6
29	8.7787E-6
30	8.9261E-6
31	8.5449E-6
32	9.5603E-6
33	1.02578E-5
34	9.2171E-6
35	9.1376E-6
36	9.1609E-6
37	8.8786E-6
38	6.7547E-6
39	1.00022E-5
40	7.4849E-6
41	7.1628E-6
42	1.00672E-5
43	9.0751E-6
44	7.9245E-6
45	1.03794E-5
46	6.8629E-6
47	8.7841E-6
48	8.6461E-6
49	7.4265E-6
50	6.988E-6
51	6.978E-6
52	1.03659E-5
53	1.02214E-5
54	8.6119E-6
55	9.7728E-6
56	8.5445E-6
57	8.3065E-6
58	7.4177E-6
59	8.9775E-6
60	7.7066E-6
61	1.06133E-5
62	7.3809E-6
63	7.4095E-6
64	7.8855E-6
65	7.4248E-6
66	9.3567E-6
67	7.8472E-6
68	9.0005E-6
69	7.3477E-6
70	7.1741E-6
71	1.04386E-5
72	9.6239E-6
73	9.32E-6
74	7.7352E-6
75	6.8389E-6
76	9.8002E-6
77	9.942E-6
78	9.1545E-6
79	8.6352E-6
80	1.03276E-5
81	1.01467E-5
82	8.6984E-6
83	8.6026E-6
84	7.3497E-6
85	1.06886E-5
86	7.6295E-6
87	1.4091E-5
88	6.8085E-6
89	9.5214E-6
90	9.1248E-6
91	1.04777E-5
92	9.2347E-6
93	8.8772E-6
94	8.0383E-6
95	7.4526E-6
96	7.833E-6
97	9.3172E-6
98	7.3251E-6
99	9.0495E-6
100	7.4918E-6
101	9.2514E-6
102	6.9548E-6
103	9.8798E-6
104	1.01581E-5
105	7.3463E-6
106	8.501E-6
107	8.8476E-6
108	8.5685E-6
109	9.9572E-6
110	8.5886E-6
111	1.0518E-5
112	7.7024E-6
113	6.7719E-6
114	9.9777E-6
115	6.9924E-6
116	8.9676E-6
117	8.3209E-6
118	6.725E-6
119	7.3938E-6
120	9.6992E-6
121	7.0707E-6
122	8.497E-6
123	1.05636E-5
124	7.3499E-6
125	1.01889E-5
126	1.06461E-5
127	8.6595E-6
128	7.8547E-6
129	7.0473E-6
130	8.4212E-6
131	7.2215E-6
132	1.05615E-5
133	6.9986E-6
134	7.4123E-6
135	9.4326E-6
136	7.5104E-6
137	8.0037E-6
138	7.4446E-6
139	1.01195E-5
140	9.6519E-6
141	9.4129E-6
142	8.0E-6
143	9.912E-6
144	8.4252E-6
145	6.7999E-6
146	7.7364E-6
147	7.0175E-6
148	9.7797E-6
149	7.9064E-6
150	7.6509E-6
151	9.5662E-6
152	7.2456E-6
153	8.2399E-6
154	9.6927E-6
155	6.7997E-6
156	1.07758E-5
157	1.05788E-5
158	1.04874E-5
159	1.00545E-5
160	9.2459E-6
161	7.1217E-6
162	1.02997E-5
163	1.01724E-5
164	9.5689E-6
165	9.3234E-6
166	7.7254E-6
167	1.07276E-5
168	9.8335E-6
169	8.9676E-6
170	7.9241E-6
171	1.01184E-5
172	6.9332E-6
173	8.5364E-6
174	6.6675E-6
175	7.5249E-6
176	7.3518E-6
177	1.07037E-5
178	9.1719E-6
179	1.03411E-5
180	8.1737E-6
181	1.01765E-5
182	7.7074E-6
183	7.2436E-6
184	7.7285E-6
185	7.0981E-6
186	9.8449E-6
187	1.05583E-5
188	1.04091E-5
189	9.0589E-6
190	9.5849E-6
191	8.2783E-6
192	9.2368E-6
193	8.8244E-6
194	8.3682E-6
195	8.0799E-6
196	8.8686E-6
197	7.0577E-6
198	8.6362E-6
199	6.968E-6
200	1.07498E-5
201	8.0645E-6
202	6.8277E-6
203	8.8485E-6
204	1.05724E-5
205	8.4905E-6
206	7.3885E-6
207	1.02745E-5
208	6.9976E-6
209	1.03213E-5
210	8.4476E-6
211	7.661E-6
212	8.9294E-6
213	7.0574E-6
214	9.1716E-6
215	7.524E-6
216	7.9866E-6
217	1.04534E-5
218	7.6653E-6
219	7.753E-6
220	6.7014E-6
221	9.4397E-6
222	8.9702E-6
223	1.04705E-5
224	1.06162E-5
225	7.303E-6
226	7.9518E-6
227	7.0712E-6
228	1.04458E-5
229	9.768E-6
230	7.1273E-6
231	9.1889E-6
232	8.2202E-6
233	1.05378E-5
234	9.606E-6
235	1.07867E-5
236	1.04417E-5
237	8.7917E-6
238	8.8104E-6
239	6.675E-6
240	9.6355E-6
241	8.9711E-6
242	1.05746E-5
243	1.04232E-5
244	9.2387E-6
245	7.9401E-6
246	8.9152E-6
247	8.8284E-6
248	9.2376E-6
249	7.8592E-6
250	8.8963E-6
251	1.02515E-5
252	8.0306E-6
253	1.00914E-5
254	6.6789E-6
255	7.0007E-6
256	7.9245E-6
257	7.4023E-6
258	6.8181E-6
259	9.5404E-6
260	8.1307E-6
261	6.8301E-6
262	8.3663E-6
263	8.443E-6
264	6.8298E-6
265	7.4911E-6
266	8.1147E-6
267	1.07584E-5
268	9.9898E-6
269	1.0354E-5
270	7.4093E-6
271	9.4617E-6
272	9.0885E-6
273	1.01231E-5
274	9.7736E-6
275	9.4481E-6
276	8.5393E-6
277	9.5033E-6
278	8.858E-6
279	8.3743E-6
280	7.7387E-6
281	7.2366E-6
282	1.05168E-5
283	7.7402E-6
284	8.4834E-6
285	1.02845E-5
286	9.21E-6
287	8.3488E-6
288	7.1461E-6
289	9.1929E-6
290	8.5979E-6
291	1.04129E-5
292	7.1883E-6
293	7.4338E-6
294	9.1574E-6
295	6.8823E-6
296	9.9585E-6
297	7.0909E-6
298	1.0533E-5
299	1.05827E-5
300	1.03678E-5
301	7.3604E-6
302	7.0906E-6
303	1.06967E-5
304	8.8464E-6
305	8.1047E-6
306	1.04431E-5
307	8.1532E-6
308	6.9508E-6
309	9.3102E-6
310	6.8685E-6
311	6.7278E-6
312	8.1409E-6
313	9.8862E-6
314	9.835E-6
315	6.6892E-6
316	6.7187E-6
317	1.06567E-5
318	7.4356E-6
319	8.1764E-6
320	1.04126E-5
321	7.6387E-6
322	7.815E-6
323	7.5602E-6
324	8.6252E-6
325	7.2405E-6
326	8.5024E-6
327	6.9017E-6
328	6.852E-6
329	1.01341E-5
330	7.5467E-6
331	7.2306E-6
332	8.0942E-6
333	1.03247E-5
334	8.6207E-6
335	6.899E-6
336	8.2943E-6
337	6.8034E-6
338	1.00865E-5
339	1.02322E-5
340	8.1168E-6
341	7.8603E-6
342	8.9318E-6
343	7.9649E-6
344	8.5533E-6
345	8.0223E-6
346	1.02517E-5
347	1.02555E-5
348	7.1748E-6
349	8.8338E-6
350	9.0257E-6
351	1.03207E-5
352	7.2236E-6
353	9.8201E-6
354	1.04092E-5
355	7.3678E-6
356	7.0587E-6
357	9.2338E-6
358	1.02043E-5
359	7.7796E-6
360	1.01112E-5
361	6.9909E-6
362	9.0196E-6
363	7.6489E-6
364	1.06262E-5
365	9.3516E-6
366	8.8677E-6
367	7.6687E-6
368	9.3078E-6
369	9.6505E-6
370	8.5515E-6
371	7.0943E-6
372	9.472E-6
373	8.3217E-6
374	1.00684E-5
375	1.0179E-5
376	8.0908E-6
377	7.4377E-6
378	7.0482E-6
379	8.0782E-6
380	7.4225E-6
381	9.9406E-6
382	6.8817E-6
383	6.7614E-6
384	6.9268E-6
385	8.5313E-6
386	1.04631E-5
387	1.07077E-5
388	9.5969E-6
389	9.6567E-6
390	7.4438E-6
391	9.6975E-6
392	8.4953E-6
393	8.2748E-6
394	1.00468E-5
395	1.02998E-5
396	9.9664E-6
397	8.7701E-6
398	9.4559E-6
399	9.2722E-6
400	9.2799E-6
401	8.6271E-6
402	8.6058E-6
403	6.9202E-6
404	1.06789E-5
405	7.5229E-6
406	7.8004E-6
407	1.07423E-5
408	1.01188E-5
409	8.9884E-6
410	9.2971E-6
411	7.7835E-6
412	8.8315E-6
413	8.2937E-6
414	6.8168E-6
415	7.1359E-6
416	1.0462E-5
417	6.7582E-6
418	8.1043E-6
419	1.0734E-5
420	7.7485E-6
421	8.5073E-6
422	8.3701E-6
423	9.9885E-6
424	8.4548E-6
425	6.7852E-6
426	9.0279E-6
427	9.8651E-6
428	8.7454E-6
429	8.7535E-6
430	8.3058E-6
431	8.02E-6
432	1.03292E-5
433	8.984E-6
434	7.4556E-6
435	7.0476E-6
436	9.6719E-6
437	1.04629E-5
438	8.2363E-6
439	7.0572E-6
440	7.9968E-6
441	9.6815E-6
442	1.46714E-5
443	8.6472E-6
444	8.7552E-6
445	8.0223E-6
446	7.0559E-6
447	6.722E-6
448	1.00354E-5
449	1.07558E-5
450	6.7284E-6
451	1.05582E-5
452	9.1511E-6
453	7.7931E-6
454	7.1439E-6
455	8.2663E-6
456	7.7698E-6
457	7.6076E-6
458	6.7164E-6
459	8.3161E-6
460	1.07078E-5
461	7.1686E-6
462	8.1595E-6
463	7.7289E-6
464	1.01159E-5
465	7.2983E-6
466	7.7758E-6
467	8.9038E-6
468	6.9468E-6
469	6.9097E-6
470	7.6153E-6
471	7.3603E-6
472	7.0956E-6
473	9.016E-6
474	7.5951E-6
475	8.1253E-6
476	1.0677E-5
477	7.9182E-6
478	1.01718E-5
479	8.0278E-6
480	8.0752E-6
481	8.0806E-6
482	8.7411E-6
483	8.3201E-6
484	9.0491E-6
485	8.8583E-6
486	6.915E-6
487	9.1611E-6
488	8.6099E-6
489	7.6301E-6
490	9.6657E-6
491	9.458E-6
492	7.9978E-6
493	1.03926E-5
494	8.9211E-6
495	9.2597E-6
496	7.7175E-6
497	1.03362E-5
498	9.096E-6
499	7.3618E-6
