0	1.940023E-4
1	2.151931E-4
2	2.112163E-4
3	2.135357E-4
4	2.116047E-4
5	1.927983E-4
6	2.068045E-4
7	2.116117E-4
8	2.108115E-4
9	2.08812E-4
10	1.968071E-4
11	1.972048E-4
12	1.996026E-4
13	2.084167E-4
14	2.108303E-4
15	2.116142E-4
16	2.09614E-4
17	2.148003E-4
18	1.964E-4
19	2.212047E-4
20	2.324093E-4
21	1.936138E-4
22	2.152068E-4
23	1.916118E-4
24	1.940048E-4
25	1.940169E-4
26	1.98E-4
27	1.928121E-4
28	1.964024E-4
29	2.148166E-4
30	2.088237E-4
31	2.136144E-4
32	2.136118E-4
33	2.760141E-4
34	1.964095E-4
35	1.964047E-4
36	1.936167E-4
37	1.984069E-4
38	1.964141E-4
39	1.944023E-4
40	2.132024E-4
41	2.099954E-4
42	2.082328E-4
43	2.004092E-4
44	2.112171E-4
45	2.08E-4
46	1.952048E-4
47	2.08812E-4
48	2.120251E-4
49	2.11607E-4
50	3.048168E-4
51	2.26014E-4
52	2.116188E-4
53	2.100049E-4
54	1.939952E-4
55	1.948181E-4
56	1.964095E-4
57	2.012071E-4
58	1.915882E-4
59	1.932023E-4
60	2.100047E-4
61	2.107763E-4
62	1.980138E-4
63	2.136186E-4
64	2.068002E-4
65	2.108071E-4
66	2.092215E-4
67	1.940267E-4
68	1.89807E-4
69	1.920047E-4
70	1.916094E-4
71	2.084144E-4
72	2.080188E-4
73	1.94035E-4
74	2.112117E-4
75	2.088091E-4
76	2.156095E-4
77	1.99219E-4
78	2.120477E-4
79	2.120207E-4
80	2.120141E-4
81	2.092072E-4
82	1.999977E-4
83	2.084092E-4
84	2.1E-4
85	2.132072E-4
86	2.144023E-4
87	1.972116E-4
88	1.964136E-4
89	2.088094E-4
90	2.116071E-4
91	2.14014E-4
92	2.067579E-4
93	2.08777E-4
94	2.512138E-4
95	2.79385E-4
96	1.992095E-4
97	2.109676E-4
98	2.080049E-4
99	2.108048E-4
100	2.160112E-4
101	1.999999E-4
102	1.984048E-4
103	1.960141E-4
104	2.088049E-4
105	2.100072E-4
106	2.136048E-4
107	2.120171E-4
108	2.112164E-4
109	2.088138E-4
110	1.907997E-4
111	2.136046E-4
112	2.141615E-4
113	2.64E-4
114	2.108024E-4
115	2.096117E-4
116	2.096211E-4
117	2.108238E-4
118	2.116168E-4
119	2.111879E-4
120	2.108094E-4
121	1.920022E-4
122	2.091978E-4
123	2.108116E-4
124	2.115906E-4
125	2.212094E-4
126	2.084072E-4
127	2.07997E-4
128	9.9E37
129	2.092047E-4
130	2.096048E-4
131	2.104047E-4
132	1.964026E-4
133	2.000068E-4
134	1.952047E-4
135	1.984048E-4
136	2.164046E-4
137	2.092291E-4
138	1.923976E-4
139	2.092068E-4
140	2.548E-4
141	1.944166E-4
142	2.104797E-4
143	2.112094E-4
144	1.928118E-4
145	2.116143E-4
146	2.088074E-4
147	1.932693E-4
148	1.940227E-4
149	2.084091E-4
150	1.924071E-4
151	1.928233E-4
152	1.924071E-4
153	2.111331E-4
154	2.080095E-4
155	2.788071E-4
156	3.144143E-4
157	3.060048E-4
158	1.924093E-4
159	2.127999E-4
160	2.15207E-4
161	2.104164E-4
162	2.080235E-4
163	2.080046E-4
164	1.924143E-4
165	1.996001E-4
166	2.051969E-4
167	2.10814E-4
168	2.084023E-4
169	1.956145E-4
170	2.788048E-4
171	2.956049E-4
172	1.940138E-4
173	2.120093E-4
174	2.124072E-4
175	2.112093E-4
176	2.132094E-4
177	1.956117E-4
178	1.964072E-4
179	2.088095E-4
180	2.116071E-4
181	2.152117E-4
182	2.104163E-4
183	1.928142E-4
184	2.136167E-4
185	2.592047E-4
186	2.774098E-4
187	1.964096E-4
188	2.092091E-4
189	1.96024E-4
190	2.099979E-4
191	2.180198E-4
192	1.964119E-4
193	2.003977E-4
194	2.160068E-4
195	1.984022E-4
196	1.943995E-4
197	1.960001E-4
198	2.128193E-4
199	2.07619E-4
200	4.604048E-4
201	3.079883E-4
202	2.307883E-4
203	1.923622E-4
204	2.104166E-4
205	2.168116E-4
206	2.192059E-4
207	2.111998E-4
208	1.926464E-4
209	2.03207E-4
210	2.096046E-4
211	2.119592E-4
212	2.208024E-4
213	2.104118E-4
214	1.936089E-4
215	2.144047E-4
216	2.780142E-4
217	1.967666E-4
218	2.11619E-4
219	1.92826E-4
220	1.928095E-4
221	2.116023E-4
222	2.104005E-4
223	1.996092E-4
224	2.095993E-4
225	2.088155E-4
226	1.932047E-4
227	1.944094E-4
228	2.130946E-4
229	2.104067E-4
230	2.804139E-4
231	1.980024E-4
232	2.124093E-4
233	2.144047E-4
234	2.140093E-4
235	2.156118E-4
236	1.924072E-4
237	1.939976E-4
238	1.947891E-4
239	1.984204E-4
240	2.064024E-4
241	2.096168E-4
242	2.076168E-4
243	2.079807E-4
244	2.104119E-4
245	1.896022E-4
246	2.120118E-4
247	2.308096E-4
248	1.972047E-4
249	1.976094E-4
250	2.004001E-4
251	2.12007E-4
252	2.084048E-4
253	2.112048E-4
254	1.991731E-4
255	2.088048E-4
256	2.087976E-4
257	2.104025E-4
258	2.064115E-4
259	2.064141E-4
260	2.764114E-4
261	1.964047E-4
262	1.908024E-4
263	1.944141E-4
264	2.152119E-4
265	2.148067E-4
266	1.944045E-4
267	2.127977E-4
268	1.992205E-4
269	2.18845E-4
270	2.148023E-4
271	2.088294E-4
272	2.168116E-4
273	2.112092E-4
274	2.132166E-4
275	2.13216E-4
276	1.944164E-4
277	2.12807E-4
278	2.102396E-4
279	2.108072E-4
280	2.112071E-4
281	2.124143E-4
282	2.099863E-4
283	2.124606E-4
284	1.940208E-4
285	1.964117E-4
286	2.079929E-4
287	2.120144E-4
288	2.112249E-4
289	1.932071E-4
290	1.940186E-4
291	2.160092E-4
292	2.140116E-4
293	1.952071E-4
294	1.928142E-4
295	1.94014E-4
296	1.964001E-4
297	2.111832E-4
298	1.952048E-4
299	1.940119E-4
300	1.915947E-4
301	1.932096E-4
302	2.112024E-4
303	2.136072E-4
304	2.996E-4
305	1.944067E-4
306	2.116048E-4
307	2.128121E-4
308	2.096E-4
309	2.116024E-4
310	2.14012E-4
311	2.219914E-4
312	2.008023E-4
313	2.108071E-4
314	2.13612E-4
315	1.924192E-4
316	2.107891E-4
317	2.080118E-4
318	2.06427E-4
319	2.072072E-4
320	3.236066E-4
321	1.913559E-4
322	2.204071E-4
323	2.148092E-4
324	2.144069E-4
325	2.200048E-4
326	1.960092E-4
327	1.996143E-4
328	2.043408E-4
329	2.056048E-4
330	2.089267E-4
331	2.144189E-4
332	1.924118E-4
333	1.964282E-4
334	1.939913E-4
335	2.096162E-4
336	2.104048E-4
337	1.928071E-4
338	1.944212E-4
339	1.896211E-4
340	1.932117E-4
341	1.947979E-4
342	2.098665E-4
343	2.008117E-4
344	2.032024E-4
345	2.004143E-4
346	2.128119E-4
347	2.128138E-4
348	2.004141E-4
349	2.095897E-4
350	2.111433E-4
351	2.280214E-4
352	1.936068E-4
353	2.108E-4
354	2.108024E-4
355	1.988072E-4
356	1.940094E-4
357	2.144096E-4
358	1.916069E-4
359	2.004096E-4
360	2.104024E-4
361	2.108326E-4
362	2.127928E-4
363	1.920068E-4
364	2.780118E-4
365	3.076166E-4
366	2.131863E-4
367	2.124094E-4
368	2.10814E-4
369	2.011749E-4
370	1.956168E-4
371	2.120068E-4
372	2.136044E-4
373	2.068045E-4
374	2.072069E-4
375	1.951954E-4
376	2.084164E-4
377	1.90807E-4
378	2.108117E-4
379	2.148023E-4
380	3.620095E-4
381	2.116205E-4
382	2.131982E-4
383	2.139975E-4
384	1.96819E-4
385	1.94805E-4
386	2.112071E-4
387	2.012163E-4
388	1.948115E-4
389	2.05607E-4
390	1.944023E-4
391	2.06817E-4
392	2.076185E-4
393	2.81212E-4
394	2.992227E-4
395	2.368118E-4
396	1.924E-4
397	2.064046E-4
398	2.08E-4
399	2.095975E-4
400	2.100001E-4
401	1.903985E-4
402	2.603895E-4
403	1.972121E-4
404	1.992024E-4
405	2.116094E-4
406	2.128075E-4
407	2.18004E-4
408	2.044167E-4
409	1.95609E-4
410	2.124116E-4
411	2.11623E-4
412	2.080048E-4
413	2.068E-4
414	1.964023E-4
415	1.924048E-4
416	1.960092E-4
417	1.980071E-4
418	2.108094E-4
419	2.116024E-4
420	1.968255E-4
421	1.952E-4
422	1.932154E-4
423	2.211452E-4
424	2.132115E-4
425	1.95607E-4
426	1.952091E-4
427	1.900188E-4
428	1.900149E-4
429	1.892116E-4
430	1.927765E-4
431	1.972119E-4
432	2.068169E-4
433	1.996211E-4
434	2.076021E-4
435	2.128614E-4
436	2.08814E-4
437	1.936001E-4
438	1.964091E-4
439	1.947977E-4
440	2.12E-4
441	2.08404E-4
442	1.968095E-4
443	2.080144E-4
444	2.132024E-4
445	2.096118E-4
446	1.936071E-4
447	1.995977E-4
448	2.064093E-4
449	1.944234E-4
450	2.128143E-4
451	2.088023E-4
452	2.068022E-4
453	2.047926E-4
454	1.908002E-4
455	2.104024E-4
456	2.128069E-4
457	2.004E-4
458	2.092192E-4
459	1.935295E-4
460	1.936162E-4
461	2.12021E-4
462	2.095976E-4
463	2.092072E-4
464	2.080114E-4
465	2.072E-4
466	2.272024E-4
467	2.087904E-4
468	1.916228E-4
469	1.908022E-4
470	2.084145E-4
471	2.087977E-4
472	2.012215E-4
473	2.111976E-4
474	2.091979E-4
475	2.083974E-4
476	1.956211E-4
477	2.088047E-4
478	1.940046E-4
479	1.952237E-4
480	2.116072E-4
481	2.064095E-4
482	2.116008E-4
483	1.900045E-4
484	2.084046E-4
485	2.072023E-4
486	2.108047E-4
487	1.916191E-4
488	2.112006E-4
489	2.108048E-4
490	2.120095E-4
491	2.100025E-4
492	2.120117E-4
493	2.123621E-4
494	2.096141E-4
495	2.360118E-4
496	1.943955E-4
497	1.928097E-4
498	2.152116E-4
499	1.952071E-4
