0	8.9866E-6
1	8.9702E-6
2	8.9685E-6
3	9.1112E-6
4	9.0674E-6
5	9.1708E-6
6	8.9655E-6
7	9.0238E-6
8	8.9691E-6
9	9.1357E-6
10	9.0107E-6
11	9.0444E-6
12	8.9582E-6
13	9.115E-6
14	9.0914E-6
15	9.1433E-6
16	9.1068E-6
17	8.97E-6
18	8.9565E-6
19	9.1609E-6
20	9.0723E-6
21	9.0673E-6
22	9.0454E-6
23	9.0138E-6
24	9.0254E-6
25	9.1896E-6
26	9.1948E-6
27	9.032E-6
28	9.0373E-6
29	9.0868E-6
30	9.0994E-6
31	9.0641E-6
32	9.1837E-6
33	9.0096E-6
34	9.1497E-6
35	8.953E-6
36	9.1374E-6
37	9.0608E-6
38	9.1781E-6
39	9.041E-6
40	9.0167E-6
41	8.9792E-6
42	9.0395E-6
43	9.1796E-6
44	9.025E-6
45	9.1016E-6
46	8.9641E-6
47	9.1556E-6
48	9.1659E-6
49	9.0058E-6
50	8.9789E-6
51	8.9846E-6
52	9.0443E-6
53	9.1342E-6
54	9.0533E-6
55	9.0233E-6
56	8.9632E-6
57	9.0308E-6
58	8.9846E-6
59	9.0965E-6
60	9.1383E-6
61	9.1262E-6
62	9.1108E-6
63	8.9652E-6
64	9.0483E-6
65	9.0741E-6
66	8.9716E-6
67	9.0417E-6
68	8.9562E-6
69	8.9987E-6
70	8.978E-6
71	9.1629E-6
72	9.1327E-6
73	9.0275E-6
74	9.0355E-6
75	9.1422E-6
76	9.0693E-6
77	9.0833E-6
78	8.9745E-6
79	9.0152E-6
80	8.991E-6
81	9.0171E-6
82	9.024E-6
83	9.0296E-6
84	8.9686E-6
85	9.0382E-6
86	8.9864E-6
87	9.0263E-6
88	8.9896E-6
89	9.0441E-6
90	9.0342E-6
91	9.1844E-6
92	8.9605E-6
93	9.0556E-6
94	8.9874E-6
95	9.1471E-6
96	9.0689E-6
97	8.9742E-6
98	9.1743E-6
99	9.0842E-6
100	8.9528E-6
101	9.0012E-6
102	9.0059E-6
103	8.9502E-6
104	9.1257E-6
105	9.1335E-6
106	9.1573E-6
107	9.0415E-6
108	9.0373E-6
109	8.9614E-6
110	9.0376E-6
111	9.0001E-6
112	9.0092E-6
113	9.0448E-6
114	8.9907E-6
115	9.0432E-6
116	9.1695E-6
117	9.0379E-6
118	9.0903E-6
119	9.1554E-6
120	8.9532E-6
121	9.0357E-6
122	9.0468E-6
123	8.9863E-6
124	8.9796E-6
125	9.0304E-6
126	9.0206E-6
127	9.1399E-6
128	9.1163E-6
129	8.9922E-6
130	9.1088E-6
131	8.9702E-6
132	9.0075E-6
133	9.0619E-6
134	9.1633E-6
135	9.0513E-6
136	9.0973E-6
137	9.1592E-6
138	9.1626E-6
139	8.9718E-6
140	9.0932E-6
141	9.1229E-6
142	9.112E-6
143	9.1868E-6
144	9.1467E-6
145	9.0529E-6
146	9.1314E-6
147	8.9766E-6
148	9.0324E-6
149	9.0792E-6
150	9.0823E-6
151	9.0059E-6
152	9.0048E-6
153	9.0412E-6
154	9.0001E-6
155	8.9982E-6
156	9.0075E-6
157	9.0528E-6
158	9.0173E-6
159	9.1522E-6
160	9.1985E-6
161	9.1974E-6
162	8.9994E-6
163	9.0738E-6
164	9.162E-6
165	9.1964E-6
166	8.9622E-6
167	8.9529E-6
168	9.0558E-6
169	9.0774E-6
170	9.0923E-6
171	9.1385E-6
172	9.0171E-6
173	8.9571E-6
174	8.9599E-6
175	9.1743E-6
176	9.0277E-6
177	9.0216E-6
178	8.9917E-6
179	9.0592E-6
180	9.0572E-6
181	9.0582E-6
182	9.0128E-6
183	9.1503E-6
184	8.9605E-6
185	9.0516E-6
186	9.1164E-6
187	9.0133E-6
188	9.179E-6
189	9.187E-6
190	8.9564E-6
191	8.9978E-6
192	9.1336E-6
193	8.9891E-6
194	9.0139E-6
195	8.9673E-6
196	9.0244E-6
197	9.0591E-6
198	8.9557E-6
199	9.1618E-6
200	9.0444E-6
201	8.9626E-6
202	9.0297E-6
203	9.0906E-6
204	9.1485E-6
205	9.1625E-6
206	8.9838E-6
207	8.996E-6
208	9.0214E-6
209	8.9494E-6
210	8.9777E-6
211	8.9676E-6
212	9.0748E-6
213	9.1348E-6
214	9.1618E-6
215	9.0672E-6
216	9.1439E-6
217	9.0112E-6
218	9.06E-6
219	9.0321E-6
220	9.0959E-6
221	9.0393E-6
222	9.1224E-6
223	8.9695E-6
224	9.0513E-6
225	8.976E-6
226	9.0075E-6
227	9.1671E-6
228	9.0033E-6
229	9.1249E-6
230	9.1963E-6
231	9.0728E-6
232	9.0084E-6
233	8.9765E-6
234	9.1024E-6
235	9.0147E-6
236	9.0609E-6
237	9.1958E-6
238	9.0712E-6
239	9.0404E-6
240	9.0429E-6
241	9.0555E-6
242	9.0575E-6
243	9.1435E-6
244	9.1883E-6
245	9.0362E-6
246	9.1954E-6
247	9.0753E-6
248	8.9721E-6
249	9.0767E-6
250	9.1791E-6
251	9.1695E-6
252	9.099E-6
253	8.9874E-6
254	9.0549E-6
255	9.1787E-6
256	9.0032E-6
257	9.1551E-6
258	9.0283E-6
259	8.9784E-6
260	9.0087E-6
261	8.9819E-6
262	8.9709E-6
263	9.0615E-6
264	9.1334E-6
265	9.0263E-6
266	9.0743E-6
267	8.9899E-6
268	9.0612E-6
269	9.1102E-6
270	9.0043E-6
271	9.1479E-6
272	9.0988E-6
273	9.0071E-6
274	9.1965E-6
275	8.9911E-6
276	8.9568E-6
277	9.0326E-6
278	9.0851E-6
279	9.0174E-6
280	8.9903E-6
281	9.0426E-6
282	9.1609E-6
283	9.1099E-6
284	8.9707E-6
285	9.167E-6
286	9.1527E-6
287	9.0355E-6
288	9.0152E-6
289	9.0228E-6
290	9.0152E-6
291	8.9802E-6
292	9.1079E-6
293	9.0246E-6
294	8.9485E-6
295	9.1333E-6
296	9.1926E-6
297	8.9518E-6
298	8.9674E-6
299	9.0719E-6
300	9.0168E-6
301	8.9568E-6
302	9.0606E-6
303	8.9585E-6
304	8.9898E-6
305	9.1182E-6
306	9.1886E-6
307	9.0259E-6
308	9.0416E-6
309	9.1173E-6
310	9.0061E-6
311	8.9841E-6
312	9.1948E-6
313	8.9732E-6
314	9.0017E-6
315	9.0046E-6
316	9.0278E-6
317	9.0117E-6
318	9.054E-6
319	8.9497E-6
320	9.0175E-6
321	8.9534E-6
322	9.07E-6
323	9.0278E-6
324	9.057E-6
325	9.0026E-6
326	8.9929E-6
327	9.1449E-6
328	8.9751E-6
329	9.0594E-6
330	8.9951E-6
331	8.9556E-6
332	9.1037E-6
333	9.0156E-6
334	9.038E-6
335	9.1945E-6
336	9.0714E-6
337	9.0567E-6
338	9.1304E-6
339	8.9493E-6
340	9.1926E-6
341	9.0764E-6
342	8.9949E-6
343	9.1276E-6
344	9.0459E-6
345	9.0195E-6
346	9.0346E-6
347	9.0763E-6
348	8.9901E-6
349	9.1966E-6
350	9.1569E-6
351	9.0106E-6
352	9.0888E-6
353	9.0398E-6
354	9.0747E-6
355	9.0524E-6
356	8.9939E-6
357	8.9851E-6
358	9.0022E-6
359	8.9807E-6
360	9.1771E-6
361	8.9775E-6
362	9.1688E-6
363	8.9885E-6
364	9.0954E-6
365	9.084E-6
366	9.1897E-6
367	9.1253E-6
368	9.1152E-6
369	8.9549E-6
370	9.0155E-6
371	9.0849E-6
372	9.1549E-6
373	9.1935E-6
374	8.9745E-6
375	9.0277E-6
376	9.0004E-6
377	9.0002E-6
378	8.9969E-6
379	9.0596E-6
380	8.972E-6
381	9.0707E-6
382	9.0736E-6
383	9.0131E-6
384	9.0742E-6
385	9.1851E-6
386	9.1332E-6
387	9.1774E-6
388	8.9703E-6
389	9.0366E-6
390	8.977E-6
391	9.1777E-6
392	9.076E-6
393	8.9494E-6
394	8.9989E-6
395	9.0454E-6
396	8.9526E-6
397	9.1104E-6
398	9.1868E-6
399	9.0623E-6
400	9.1688E-6
401	9.1828E-6
402	9.0887E-6
403	8.9998E-6
404	9.1266E-6
405	8.9827E-6
406	9.0498E-6
407	9.0214E-6
408	9.0018E-6
409	8.9521E-6
410	9.0538E-6
411	9.1422E-6
412	9.0201E-6
413	8.9897E-6
414	9.0707E-6
415	9.0787E-6
416	9.0362E-6
417	9.0457E-6
418	9.1585E-6
419	9.0925E-6
420	8.9516E-6
421	9.0075E-6
422	9.1246E-6
423	8.9801E-6
424	9.1339E-6
425	9.189E-6
426	9.0187E-6
427	9.0517E-6
428	8.9896E-6
429	8.9555E-6
430	9.0519E-6
431	9.0323E-6
432	9.0023E-6
433	8.952E-6
434	9.1274E-6
435	9.0667E-6
436	8.9886E-6
437	8.9604E-6
438	9.0885E-6
439	8.9635E-6
440	9.0685E-6
441	9.0437E-6
442	9.0664E-6
443	9.1095E-6
444	8.9848E-6
445	9.0463E-6
446	8.9542E-6
447	8.9763E-6
448	9.0849E-6
449	9.1603E-6
450	9.1959E-6
451	9.019E-6
452	9.1307E-6
453	8.9925E-6
454	8.9861E-6
455	9.0621E-6
456	8.9565E-6
457	9.1251E-6
458	9.0278E-6
459	9.1239E-6
460	9.0748E-6
461	9.0841E-6
462	9.1645E-6
463	8.9882E-6
464	9.0629E-6
465	9.022E-6
466	8.9922E-6
467	8.9942E-6
468	8.9891E-6
469	9.0212E-6
470	9.0261E-6
471	9.0458E-6
472	9.166E-6
473	9.0281E-6
474	9.0561E-6
475	9.0797E-6
476	9.1001E-6
477	9.043E-6
478	9.0522E-6
479	9.1959E-6
480	9.0705E-6
481	9.0725E-6
482	8.9776E-6
483	8.9531E-6
484	9.0729E-6
485	8.9945E-6
486	9.0845E-6
487	9.0646E-6
488	9.0055E-6
489	9.0522E-6
490	8.9881E-6
491	9.127E-6
492	9.1872E-6
493	9.0248E-6
494	9.0002E-6
495	8.9812E-6
496	9.1212E-6
497	9.0128E-6
498	9.0743E-6
499	9.1108E-6
500	9.073E-6
501	9.0485E-6
502	9.0648E-6
503	9.0447E-6
504	9.0383E-6
505	9.0384E-6
506	9.0991E-6
507	9.0955E-6
508	9.1046E-6
509	8.9501E-6
510	8.9871E-6
511	8.955E-6
512	8.955E-6
513	8.9731E-6
514	9.124E-6
515	8.9806E-6
516	9.0345E-6
517	9.0107E-6
518	9.0211E-6
519	9.0286E-6
520	8.9558E-6
521	8.969E-6
522	8.9995E-6
523	9.0397E-6
524	9.0474E-6
525	9.027E-6
526	8.9885E-6
527	9.1763E-6
528	9.001E-6
529	9.1607E-6
530	9.0131E-6
531	9.1324E-6
532	8.9891E-6
533	9.062E-6
534	8.9845E-6
535	9.006E-6
536	8.9875E-6
537	9.0249E-6
538	9.0282E-6
539	9.0204E-6
540	9.0958E-6
541	8.9494E-6
542	9.0879E-6
543	9.0568E-6
544	8.9631E-6
545	9.132E-6
546	9.0216E-6
547	9.1787E-6
548	9.1789E-6
549	9.0571E-6
550	8.9837E-6
551	9.0098E-6
552	8.9527E-6
553	8.9632E-6
554	8.9716E-6
555	9.0417E-6
556	9.0504E-6
557	8.9897E-6
558	9.0558E-6
559	9.0786E-6
560	8.9552E-6
561	9.0052E-6
562	9.0713E-6
563	9.1962E-6
564	9.1651E-6
565	9.1601E-6
566	9.0181E-6
567	8.9772E-6
568	9.0094E-6
569	8.9546E-6
570	8.9645E-6
571	8.9686E-6
572	8.9598E-6
573	9.0265E-6
574	9.0873E-6
575	9.0215E-6
576	8.9676E-6
577	8.9536E-6
578	9.0316E-6
579	9.0375E-6
580	8.9896E-6
581	9.1975E-6
582	9.1739E-6
583	9.0923E-6
584	8.9591E-6
585	9.0468E-6
586	9.0156E-6
587	9.0365E-6
588	9.1986E-6
589	8.9999E-6
590	9.1099E-6
591	8.9897E-6
592	8.9799E-6
593	9.1116E-6
594	9.0279E-6
595	9.0318E-6
596	9.1208E-6
597	9.0708E-6
598	9.0988E-6
599	9.0379E-6
600	9.0511E-6
601	9.1462E-6
602	9.0944E-6
603	9.0088E-6
604	9.0709E-6
605	9.1958E-6
606	9.073E-6
607	9.0137E-6
608	9.113E-6
609	9.1321E-6
610	9.0086E-6
611	9.1902E-6
612	9.0097E-6
613	9.0974E-6
614	9.0574E-6
615	9.0967E-6
616	9.1843E-6
617	9.0383E-6
618	9.04E-6
619	9.0286E-6
620	8.9689E-6
621	9.0178E-6
622	9.0707E-6
623	9.023E-6
624	9.1487E-6
625	8.9615E-6
626	8.9898E-6
627	9.049E-6
628	9.0591E-6
629	9.0455E-6
630	9.0568E-6
631	9.0771E-6
632	8.9932E-6
633	8.9842E-6
634	8.9941E-6
635	9.0383E-6
636	8.9956E-6
637	9.0987E-6
638	9.0094E-6
639	9.158E-6
640	9.0444E-6
641	9.0105E-6
642	9.1475E-6
643	9.0446E-6
644	9.0195E-6
645	9.0879E-6
646	9.0053E-6
647	9.0019E-6
648	9.0902E-6
649	9.0093E-6
650	8.9688E-6
651	9.0322E-6
652	9.0368E-6
653	9.1313E-6
654	8.9763E-6
655	9.0874E-6
656	9.138E-6
657	8.9674E-6
658	8.9896E-6
659	8.9776E-6
660	9.1308E-6
661	9.1605E-6
662	8.9834E-6
663	9.0311E-6
664	8.9724E-6
665	9.0732E-6
666	9.16E-6
667	9.0385E-6
668	8.9569E-6
669	9.0588E-6
670	9.086E-6
671	8.9901E-6
672	9.052E-6
673	9.0992E-6
674	9.125E-6
675	9.066E-6
676	9.0609E-6
677	8.9923E-6
678	9.1451E-6
679	9.1799E-6
680	8.9792E-6
681	9.0866E-6
682	9.0683E-6
683	8.997E-6
684	9.0661E-6
685	9.1801E-6
686	9.0806E-6
687	8.9567E-6
688	9.0351E-6
689	9.1138E-6
690	9.1565E-6
691	9.0664E-6
692	9.0521E-6
693	8.9797E-6
694	8.9867E-6
695	9.0078E-6
696	8.958E-6
697	8.9676E-6
698	8.956E-6
699	9.1973E-6
700	9.1734E-6
701	8.9494E-6
702	9.0523E-6
703	8.9705E-6
704	9.1746E-6
705	9.0861E-6
706	8.9844E-6
707	8.9859E-6
708	9.0741E-6
709	8.9725E-6
710	8.9611E-6
711	9.1032E-6
712	9.127E-6
713	9.0626E-6
714	9.1393E-6
715	9.0891E-6
716	8.9636E-6
717	9.0252E-6
718	9.0091E-6
719	9.0458E-6
720	8.9614E-6
721	8.9594E-6
722	9.0785E-6
723	8.9969E-6
724	9.1061E-6
725	9.1026E-6
726	9.1929E-6
727	9.0107E-6
728	9.1854E-6
729	9.0457E-6
730	8.9768E-6
731	8.9776E-6
732	9.0119E-6
733	9.0555E-6
734	9.0452E-6
735	9.0216E-6
736	9.0657E-6
737	9.1668E-6
738	9.1028E-6
739	8.9767E-6
740	9.0423E-6
741	9.0367E-6
742	9.0888E-6
743	9.0462E-6
744	9.1601E-6
745	9.0875E-6
746	8.99E-6
747	8.9772E-6
748	9.1668E-6
749	9.1536E-6
750	9.0598E-6
751	8.9578E-6
752	9.0514E-6
753	9.158E-6
754	9.044E-6
755	9.082E-6
756	9.0043E-6
757	9.0498E-6
758	9.1178E-6
759	9.1163E-6
760	9.0456E-6
761	9.0612E-6
762	9.1278E-6
763	9.0962E-6
764	9.1475E-6
765	9.12E-6
766	9.1287E-6
767	9.0812E-6
768	8.9866E-6
769	8.9751E-6
770	9.0067E-6
771	9.0748E-6
772	9.1509E-6
773	9.1479E-6
774	9.039E-6
775	8.9489E-6
776	9.0934E-6
777	9.1519E-6
778	8.9551E-6
779	9.1299E-6
780	9.1203E-6
781	9.1513E-6
782	9.0675E-6
783	9.1462E-6
784	9.1E-6
785	8.9975E-6
786	9.1531E-6
787	8.9897E-6
788	9.1665E-6
789	9.0183E-6
790	8.9687E-6
791	8.9628E-6
792	9.0141E-6
793	9.0289E-6
794	9.0402E-6
795	9.1612E-6
796	9.0442E-6
797	9.0045E-6
798	9.0205E-6
799	9.0807E-6
800	8.9782E-6
801	8.9771E-6
802	9.0905E-6
803	8.9796E-6
804	9.1695E-6
805	9.1894E-6
806	9.1695E-6
807	9.0036E-6
808	9.0267E-6
809	9.0837E-6
810	8.9884E-6
811	9.0223E-6
812	9.1257E-6
813	9.0502E-6
814	8.9972E-6
815	9.0014E-6
816	8.9909E-6
817	8.9512E-6
818	8.9618E-6
819	9.0442E-6
820	9.1022E-6
821	8.9528E-6
822	9.0001E-6
823	9.1943E-6
824	8.966E-6
825	9.0071E-6
826	9.0267E-6
827	9.0666E-6
828	8.9614E-6
829	9.0385E-6
830	8.9638E-6
831	9.1091E-6
832	9.0292E-6
833	8.952E-6
834	9.0082E-6
835	9.0873E-6
836	9.0186E-6
837	9.1854E-6
838	9.0539E-6
839	9.0325E-6
840	8.9919E-6
841	9.1857E-6
842	9.1683E-6
843	8.9912E-6
844	9.0322E-6
845	9.0743E-6
846	9.0244E-6
847	8.9728E-6
848	9.198E-6
849	8.9756E-6
850	9.1273E-6
851	9.1677E-6
852	9.1225E-6
853	9.0312E-6
854	9.1664E-6
855	9.0491E-6
856	9.1928E-6
857	8.9798E-6
858	9.0641E-6
859	9.1711E-6
860	9.1699E-6
861	9.0478E-6
862	9.1269E-6
863	9.0502E-6
864	9.1521E-6
865	9.1266E-6
866	9.0757E-6
867	9.1428E-6
868	9.1661E-6
869	9.1679E-6
870	8.952E-6
871	8.9709E-6
872	9.0349E-6
873	9.0566E-6
874	9.0242E-6
875	9.0614E-6
876	8.9709E-6
877	8.9669E-6
878	9.1384E-6
879	9.1333E-6
880	9.1009E-6
881	9.1346E-6
882	9.016E-6
883	9.0266E-6
884	9.1837E-6
885	9.0022E-6
886	8.973E-6
887	8.9533E-6
888	9.0715E-6
889	9.0481E-6
890	9.0652E-6
891	8.977E-6
892	9.0564E-6
893	9.1298E-6
894	9.0383E-6
895	9.0781E-6
896	9.0208E-6
897	8.9861E-6
898	9.0371E-6
899	9.0627E-6
900	9.0527E-6
901	8.9636E-6
902	8.9523E-6
903	9.1453E-6
904	8.958E-6
905	9.0377E-6
906	9.1239E-6
907	9.1566E-6
908	9.0645E-6
909	9.0096E-6
910	9.0362E-6
911	9.0472E-6
912	9.0641E-6
913	9.0177E-6
914	9.0185E-6
915	9.1246E-6
916	9.0032E-6
917	9.042E-6
918	9.1309E-6
919	9.131E-6
920	9.174E-6
921	9.1362E-6
922	9.002E-6
923	9.0506E-6
924	8.9633E-6
925	9.1901E-6
926	9.1947E-6
927	8.9822E-6
928	9.1042E-6
929	8.9684E-6
930	8.9905E-6
931	9.0273E-6
932	9.0664E-6
933	8.9743E-6
934	8.9595E-6
935	9.0138E-6
936	8.9799E-6
937	9.0642E-6
938	8.9741E-6
939	9.0966E-6
940	9.0382E-6
941	9.0152E-6
942	9.0038E-6
943	9.0874E-6
944	9.0553E-6
945	9.0488E-6
946	9.1011E-6
947	8.9704E-6
948	8.9569E-6
949	9.0306E-6
950	9.0665E-6
951	9.0162E-6
952	9.0097E-6
953	9.1561E-6
954	8.9689E-6
955	8.99E-6
956	9.0215E-6
957	8.9771E-6
958	8.9586E-6
959	9.1443E-6
960	9.0661E-6
961	9.0782E-6
962	9.1222E-6
963	9.0784E-6
964	8.96E-6
965	9.0279E-6
966	9.0151E-6
967	8.9647E-6
968	8.9952E-6
969	9.1157E-6
970	9.1522E-6
971	9.0123E-6
972	9.0066E-6
973	9.0713E-6
974	8.9638E-6
975	8.9704E-6
976	8.9847E-6
977	8.9547E-6
978	9.1506E-6
979	9.1317E-6
980	9.0047E-6
981	9.0674E-6
982	9.103E-6
983	8.9779E-6
984	9.0339E-6
985	8.9882E-6
986	9.0282E-6
987	9.0686E-6
988	9.0665E-6
989	8.9856E-6
990	9.0699E-6
991	9.1684E-6
992	9.189E-6
993	9.0316E-6
994	8.9677E-6
995	8.9684E-6
996	8.9798E-6
997	8.9605E-6
998	9.0268E-6
999	8.9493E-6
