0	1.164035E-4
1	1.229997E-4
2	1.126206E-4
3	1.135578E-4
4	1.160048E-4
5	1.205988E-4
6	1.223989E-4
7	1.11199E-4
8	1.242094E-4
9	1.238061E-4
10	1.235988E-4
11	1.700012E-4
12	1.139988E-4
13	1.128024E-4
14	1.132035E-4
15	1.210097E-4
16	1.184085E-4
17	1.142961E-4
18	1.247953E-4
19	1.23007E-4
20	1.223886E-4
21	1.239379E-4
22	1.228072E-4
23	1.24008E-4
24	1.120023E-4
25	1.13E-4
26	1.327977E-4
27	1.241427E-4
28	1.095811E-4
29	1.202979E-4
30	1.23806E-4
31	1.216024E-4
32	1.2421E-4
33	1.166035E-4
34	1.156103E-4
35	1.180145E-4
36	1.07192E-4
37	1.360072E-4
38	1.214087E-4
39	1.256048E-4
40	1.238035E-4
41	1.282015E-4
42	1.153976E-4
43	1.056E-4
44	1.168049E-4
45	1.194034E-4
46	1.161944E-4
47	1.169815E-4
48	1.026047E-4
49	1.235883E-4
50	1.254024E-4
51	1.226012E-4
52	1.274058E-4
53	1.278034E-4
54	1.720012E-4
55	2.428072E-4
56	1.178082E-4
57	1.162012E-4
58	1.113989E-4
59	1.261789E-4
60	1.312048E-4
61	1.273915E-4
62	1.268011E-4
63	1.212094E-4
64	1.105977E-4
65	1.144072E-4
66	1.158083E-4
67	1.312058E-4
68	1.254442E-4
69	1.264012E-4
70	1.303988E-4
71	1.293761E-4
72	1.23842E-4
73	1.436024E-4
74	1.325988E-4
75	1.29605E-4
76	1.155999E-4
77	1.243976E-4
78	1.148024E-4
79	1.320012E-4
80	1.236569E-4
81	1.262025E-4
82	1.289999E-4
83	2.084071E-4
84	2.378048E-4
85	1.338E-4
86	1.321977E-4
87	2.060069E-4
88	1.280045E-4
89	1.247991E-4
90	1.262058E-4
91	1.294036E-4
92	1.274378E-4
93	1.276081E-4
94	1.35799E-4
95	1.298059E-4
96	1.138084E-4
97	1.310034E-4
98	1.284024E-4
99	1.248048E-4
100	1.360012E-4
101	1.240107E-4
102	1.289106E-4
103	1.248012E-4
104	1.33801E-4
105	1.328025E-4
106	1.348024E-4
107	1.400049E-4
108	1.367999E-4
109	1.406036E-4
110	8.88075E-5
111	9.02129E-5
112	1.514023E-4
113	9.49952E-5
114	8.9407E-5
115	1.258116E-4
116	1.24808E-4
117	1.278145E-4
118	1.288E-4
119	1.260047E-4
120	1.348082E-4
121	1.314012E-4
122	1.347125E-4
123	1.387963E-4
124	1.427965E-4
125	1.422048E-4
126	1.275956E-4
127	1.270012E-4
128	1.339576E-4
129	1.276047E-4
130	1.317929E-4
131	1.174201E-4
132	1.391989E-4
133	1.374059E-4
134	1.396097E-4
135	1.259987E-4
136	1.266046E-4
137	1.256085E-4
138	1.266048E-4
139	1.268083E-4
140	1.512012E-4
141	2.569975E-4
142	1.349977E-4
143	1.348035E-4
144	1.348023E-4
145	1.250073E-4
146	1.152059E-4
147	1.238035E-4
148	1.278024E-4
149	1.234059E-4
150	1.264059E-4
151	1.359989E-4
152	1.346058E-4
153	1.349975E-4
154	1.322081E-4
155	1.417853E-4
156	1.426012E-4
157	1.245971E-4
158	1.242034E-4
159	1.270001E-4
160	1.330156E-4
161	1.043977E-4
162	1.358047E-4
163	1.415955E-4
164	1.400046E-4
165	1.402012E-4
166	1.261962E-4
167	1.290093E-4
168	1.312094E-4
169	1.924049E-4
170	2.704096E-4
171	1.303897E-4
172	1.340069E-4
173	1.338073E-4
174	1.342024E-4
175	1.375944E-4
176	1.297953E-4
177	1.326047E-4
178	1.442012E-4
179	1.310024E-4
180	1.310057E-4
181	1.272058E-4
182	1.273827E-4
183	1.431988E-4
184	2.284167E-4
185	1.308037E-4
186	1.352011E-4
187	1.358112E-4
188	1.286035E-4
189	1.278464E-4
190	1.29819E-4
191	1.260109E-4
192	1.446047E-4
193	1.277907E-4
194	1.346024E-4
195	1.331921E-4
196	1.328013E-4
197	1.130035E-4
198	1.419992E-4
199	1.450012E-4
200	1.261988E-4
201	1.306049E-4
202	1.310023E-4
203	1.364058E-4
204	1.437785E-4
205	1.340765E-4
206	1.376752E-4
207	1.376001E-4
208	1.390047E-4
209	1.239988E-4
210	1.30394E-4
211	1.306014E-4
212	1.81608E-4
213	2.684034E-4
214	1.786123E-4
215	1.320117E-4
216	1.37207E-4
217	1.45013E-4
218	1.270144E-4
219	1.25194E-4
220	1.310024E-4
221	1.274012E-4
222	1.288059E-4
223	1.252012E-4
224	1.368047E-4
225	1.364137E-4
226	1.36007E-4
227	1.027998E-4
228	1.327004E-4
229	1.406071E-4
230	1.430012E-4
231	1.429632E-4
232	1.412105E-4
233	1.240011E-4
234	1.250035E-4
235	1.323725E-4
236	1.273953E-4
237	1.367935E-4
238	1.343963E-4
239	1.335845E-4
240	1.42207E-4
241	1.49207E-4
242	1.381982E-4
243	1.416061E-4
244	1.288035E-4
245	1.266011E-4
246	1.376023E-4
247	1.347797E-4
248	1.362105E-4
249	1.176013E-4
250	1.410059E-4
251	1.377647E-4
252	1.269977E-4
253	1.299967E-4
254	1.28414E-4
255	1.820024E-4
256	2.616036E-4
257	1.869799E-4
258	1.128011E-4
259	1.338E-4
260	1.31649E-4
261	1.34E-4
262	1.281941E-4
263	1.293969E-4
264	1.262011E-4
265	1.275882E-4
266	1.255986E-4
267	1.256339E-4
268	1.370048E-4
269	1.352059E-4
270	1.347869E-4
271	1.44606E-4
272	1.460096E-4
273	1.462057E-4
274	1.274085E-4
275	1.276011E-4
276	1.240129E-4
277	1.298057E-4
278	1.334035E-4
279	1.348047E-4
280	1.380025E-4
281	1.413741E-4
282	1.456103E-4
283	1.291988E-4
284	1.252072E-4
285	1.280093E-4
286	1.303988E-4
287	1.312084E-4
288	1.328061E-4
289	1.336011E-4
290	1.314036E-4
291	1.365989E-4
292	1.267965E-4
293	1.315908E-4
294	1.243961E-4
295	1.272073E-4
296	1.273986E-4
297	1.287087E-4
298	1.359976E-4
299	1.346046E-4
300	1.318093E-4
301	1.417588E-4
302	1.377978E-4
303	1.448012E-4
304	1.262034E-4
305	1.268048E-4
306	1.250115E-4
307	1.35E-4
308	1.458034E-4
309	1.346047E-4
310	1.14646E-4
311	1.375966E-4
312	1.387905E-4
313	1.370049E-4
314	1.276047E-4
315	1.279903E-4
316	1.244015E-4
317	1.322011E-4
318	1.115912E-4
319	1.330012E-4
320	1.316023E-4
321	1.48806E-4
322	1.376024E-4
323	1.258035E-4
324	1.270058E-4
325	1.207975E-4
326	1.284047E-4
327	2.044509E-4
328	2.738035E-4
329	1.327601E-4
330	1.344071E-4
331	1.329976E-4
332	1.466059E-4
333	1.410001E-4
334	1.434022E-4
335	1.287909E-4
336	1.213972E-4
337	1.228035E-4
338	1.384036E-4
339	1.256023E-4
340	1.272152E-4
341	1.388048E-4
342	1.35E-4
343	1.343989E-4
344	1.33606E-4
345	1.402023E-4
346	1.240101E-4
347	1.302014E-4
348	1.249952E-4
349	1.247975E-4
350	1.278035E-4
351	1.336047E-4
352	1.314059E-4
353	1.395727E-4
354	1.450023E-4
355	1.429917E-4
356	1.40807E-4
357	1.286047E-4
358	1.286012E-4
359	1.25617E-4
360	1.314093E-4
361	1.252001E-4
362	1.337998E-4
363	1.326068E-4
364	1.367944E-4
365	1.404115E-4
366	1.283976E-4
367	1.293606E-4
368	1.297935E-4
369	1.266035E-4
370	1.984081E-4
371	2.90007E-4
372	1.328127E-4
373	1.263988E-4
374	1.188071E-4
375	1.253954E-4
376	1.343988E-4
377	1.339964E-4
378	1.37807E-4
379	1.42397E-4
380	1.444035E-4
381	1.425439E-4
382	1.245882E-4
383	1.345953E-4
384	1.302048E-4
385	2.290023E-4
386	1.784033E-4
387	1.315882E-4
388	1.342E-4
389	1.076058E-4
390	1.375932E-4
391	1.330011E-4
392	1.457964E-4
393	1.401976E-4
394	1.257988E-4
395	1.285974E-4
396	1.228046E-4
397	1.248E-4
398	1.290011E-4
399	2.115989E-4
400	2.610047E-4
401	1.332156E-4
402	1.351966E-4
403	1.343965E-4
404	1.372055E-4
405	1.532105E-4
406	1.408932E-4
407	1.254107E-4
408	1.252141E-4
409	1.291989E-4
410	1.054048E-4
411	1.344024E-4
412	1.372023E-4
413	1.430069E-4
414	1.546071E-4
415	1.436084E-4
416	1.270036E-4
417	1.256035E-4
418	1.246E-4
419	1.307955E-4
420	1.325965E-4
421	1.33001E-4
422	1.370067E-4
423	1.396085E-4
424	1.441915E-4
425	1.21407E-4
426	1.272081E-4
427	1.266034E-4
428	2.254047E-4
429	1.876E-4
430	1.335911E-4
431	1.328011E-4
432	1.297976E-4
433	1.309806E-4
434	1.317894E-4
435	1.425988E-4
436	1.422023E-4
437	1.304047E-4
438	1.254012E-4
439	1.27E-4
440	1.074069E-4
441	1.308059E-4
442	1.320035E-4
443	1.416035E-4
444	1.397988E-4
445	1.409988E-4
446	1.437913E-4
447	1.502047E-4
448	8.86094E-5
449	9.57934E-5
450	1.002226E-4
451	9.32087E-5
452	9.52016E-5
453	1.328108E-4
454	1.340085E-4
455	1.424069E-4
456	1.404011E-4
457	1.000072E-4
458	8.82011E-5
459	8.80095E-5
460	8.91976E-5
461	9.64068E-5
462	1.081988E-4
463	1.372579E-4
464	1.448048E-4
465	1.436024E-4
466	1.425976E-4
467	1.276059E-4
468	1.246094E-4
469	1.250107E-4
470	1.298084E-4
471	1.316059E-4
472	1.316135E-4
473	1.388058E-4
474	1.398023E-4
475	1.550059E-4
476	1.277976E-4
477	1.130011E-4
478	1.258035E-4
479	1.326083E-4
480	1.250012E-4
481	1.289811E-4
482	1.386023E-4
483	1.39806E-4
484	1.406023E-4
485	1.310116E-4
486	1.289933E-4
487	1.262013E-4
488	1.259977E-4
489	1.373988E-4
490	1.33782E-4
491	1.320012E-4
492	1.330023E-4
493	1.34599E-4
494	1.372059E-4
495	1.302058E-4
496	1.267994E-4
497	1.279974E-4
498	1.293977E-4
499	1.600047E-4
500	2.448045E-4
501	1.366069E-4
502	1.34419E-4
503	1.320057E-4
504	1.402024E-4
505	1.414024E-4
506	1.400045E-4
507	1.28901E-4
508	1.316035E-4
509	1.404036E-4
510	1.381632E-4
511	1.245999E-4
512	1.276035E-4
513	1.262034E-4
514	2.080012E-4
515	1.784096E-4
516	1.295931E-4
517	1.287999E-4
518	1.122011E-4
519	1.326049E-4
520	1.431902E-4
521	1.389888E-4
522	1.428071E-4
523	1.278023E-4
524	1.286104E-4
525	1.265999E-4
526	1.298035E-4
527	1.346116E-4
528	1.30784E-4
529	1.325963E-4
530	1.360048E-4
531	1.408048E-4
532	1.398023E-4
533	1.223967E-4
534	1.244023E-4
535	1.206073E-4
536	1.350084E-4
537	1.383982E-4
538	1.320012E-4
539	1.393464E-4
540	1.408012E-4
541	1.418057E-4
542	1.24371E-4
543	1.306012E-4
544	1.294057E-4
545	1.327872E-4
546	1.320048E-4
547	1.328024E-4
548	1.350046E-4
549	1.355988E-4
550	1.191586E-4
551	1.366082E-4
552	1.280081E-4
553	1.259929E-4
554	1.256059E-4
555	1.284125E-4
556	1.206558E-4
557	2.059987E-4
558	2.789949E-4
559	1.39E-4
560	1.368057E-4
561	1.345966E-4
562	1.326062E-4
563	1.334292E-4
564	1.426096E-4
565	1.448003E-4
566	1.242012E-4
567	1.22407E-4
568	1.228023E-4
569	1.336091E-4
570	1.342048E-4
571	1.059975E-4
572	1.330035E-4
573	1.529935E-4
574	1.426108E-4
575	1.41595E-4
576	1.244012E-4
577	1.271965E-4
578	1.257364E-4
579	1.325999E-4
580	1.318128E-4
581	1.347965E-4
582	1.396036E-4
583	1.412024E-4
584	1.393567E-4
585	1.416084E-4
586	1.337952E-4
587	1.232048E-4
588	1.30609E-4
589	1.305824E-4
590	1.341943E-4
591	1.304059E-4
592	1.30806E-4
593	1.332038E-4
594	1.460069E-4
595	1.272027E-4
596	1.272096E-4
597	1.27211E-4
598	1.282012E-4
599	1.29199E-4
600	1.326024E-4
601	1.120085E-4
602	1.302116E-4
603	1.397997E-4
604	1.401996E-4
605	1.407964E-4
606	1.256024E-4
607	1.294012E-4
608	1.45419E-4
609	1.308E-4
610	1.274024E-4
611	1.244048E-4
612	1.338056E-4
613	1.325979E-4
614	1.324094E-4
615	1.320092E-4
616	1.42776E-4
617	1.406011E-4
618	1.387906E-4
619	1.258059E-4
620	1.285893E-4
621	1.287987E-4
622	1.070676E-4
623	1.322058E-4
624	1.334988E-4
625	1.430047E-4
626	1.389966E-4
627	1.414086E-4
628	1.261962E-4
629	1.284096E-4
630	1.282012E-4
631	1.350026E-4
632	1.348023E-4
633	1.329742E-4
634	1.31999E-4
635	1.308082E-4
636	1.316046E-4
637	1.142001E-4
638	1.26407E-4
639	1.276023E-4
640	1.291988E-4
641	1.236036E-4
642	1.31397E-4
643	1.338071E-4
644	1.310024E-4
645	1.344034E-4
646	1.448083E-4
647	1.418079E-4
648	1.391962E-4
649	1.402024E-4
650	1.279975E-4
651	1.282035E-4
652	1.146047E-4
653	1.358036E-4
654	1.311965E-4
655	1.340012E-4
656	1.440023E-4
657	1.432058E-4
658	1.444045E-4
659	1.280034E-4
660	1.246058E-4
661	1.246024E-4
662	9.9E37
663	1.396024E-4
664	1.420035E-4
665	1.310036E-4
666	1.274012E-4
667	1.30795E-4
668	1.344068E-4
669	1.364071E-4
670	1.324023E-4
671	1.415964E-4
672	1.38606E-4
673	1.394048E-4
674	1.406071E-4
675	1.273988E-4
676	1.250012E-4
677	1.332118E-4
678	1.369957E-4
679	1.322046E-4
680	1.464035E-4
681	1.386046E-4
682	1.384036E-4
683	1.292563E-4
684	1.267956E-4
685	1.252068E-4
686	2.100106E-4
687	2.692059E-4
688	1.324012E-4
689	1.29598E-4
690	9.56024E-5
691	1.052071E-4
692	9.15988E-5
693	9.53965E-5
694	9.30123E-5
695	1.328045E-4
696	1.292024E-4
697	1.250275E-4
698	1.288059E-4
699	1.240069E-4
700	1.409888E-4
701	2.278081E-4
702	1.348047E-4
703	1.364143E-4
704	1.376059E-4
705	1.350056E-4
706	1.385599E-4
707	1.416068E-4
708	1.308047E-4
709	1.248131E-4
710	1.284069E-4
711	1.280118E-4
712	1.330035E-4
713	1.444059E-4
714	1.379989E-4
715	1.616035E-4
716	1.406012E-4
717	1.474083E-4
718	1.280098E-4
719	1.270059E-4
720	1.266001E-4
721	1.300762E-4
722	1.325953E-4
723	1.356012E-4
724	1.378E-4
725	1.390035E-4
726	1.414083E-4
727	1.290235E-4
728	1.310035E-4
729	1.301192E-4
730	2.669999E-4
731	1.777986E-4
732	1.350058E-4
733	1.310068E-4
734	1.338035E-4
735	1.319988E-4
736	1.346012E-4
737	1.277988E-4
738	1.374058E-4
739	1.283964E-4
740	1.225977E-4
741	1.262063E-4
742	1.218061E-4
743	1.35799E-4
744	1.350024E-4
745	1.414071E-4
746	1.442013E-4
747	1.20007E-4
748	1.218069E-4
749	1.206012E-4
750	1.269987E-4
751	1.249612E-4
752	1.356001E-4
753	1.352034E-4
754	1.080063E-4
755	1.421965E-4
756	1.438011E-4
757	1.424036E-4
758	1.246047E-4
759	1.240036E-4
760	1.269988E-4
761	1.310405E-4
762	1.318061E-4
763	1.374059E-4
764	1.350025E-4
765	1.358082E-4
766	1.374047E-4
767	1.274114E-4
768	1.265976E-4
769	1.412059E-4
770	1.245877E-4
771	1.264035E-4
772	1.246047E-4
773	2.580135E-4
774	1.837925E-4
775	1.083774E-4
776	1.317178E-4
777	1.334106E-4
778	1.361966E-4
779	1.346108E-4
780	1.304261E-4
781	1.280081E-4
782	1.232023E-4
783	1.306062E-4
784	1.273964E-4
785	1.252011E-4
786	1.320113E-4
787	1.336509E-4
788	1.350034E-4
789	1.445987E-4
790	1.291468E-4
791	1.274013E-4
792	1.303977E-4
793	1.2539E-4
794	1.278023E-4
795	1.266012E-4
796	1.314023E-4
797	1.32407E-4
798	1.188047E-4
799	1.428024E-4
800	1.532023E-4
801	1.31207E-4
802	1.249977E-4
803	1.268057E-4
804	1.367911E-4
805	1.065044E-4
806	1.328074E-4
807	1.360129E-4
808	1.364036E-4
809	1.373988E-4
810	1.263964E-4
811	1.275977E-4
812	1.286739E-4
813	1.29592E-4
814	1.274036E-4
815	1.647977E-4
816	2.474047E-4
817	1.341987E-4
818	1.32807E-4
819	1.283566E-4
820	1.226079E-4
821	1.237116E-4
822	1.3506E-4
823	1.284035E-4
824	1.252728E-4
825	1.233986E-4
826	1.235957E-4
827	1.286082E-4
828	1.254071E-4
829	1.323966E-4
830	1.343923E-4
831	1.318032E-4
832	1.314485E-4
833	1.348012E-4
834	1.252024E-4
835	1.276037E-4
836	1.268058E-4
837	1.261012E-4
838	1.375903E-4
839	1.34609E-4
840	1.318689E-4
841	1.244045E-4
842	1.412069E-4
843	1.280083E-4
844	1.262069E-4
845	1.241964E-4
846	1.252036E-4
847	1.348024E-4
848	1.334047E-4
849	1.389979E-4
850	1.359953E-4
851	1.095988E-4
852	1.394478E-4
853	1.232036E-4
854	1.352084E-4
855	1.264057E-4
856	1.248646E-4
857	1.278014E-4
858	1.544118E-4
859	1.367367E-4
860	1.357056E-4
861	1.340989E-4
862	1.266024E-4
863	1.282048E-4
864	1.264059E-4
865	1.26607E-4
866	1.273979E-4
867	1.282E-4
868	1.339881E-4
869	1.2881E-4
870	1.460082E-4
871	1.24805E-4
872	1.132034E-4
873	1.270107E-4
874	1.308035E-4
875	1.290034E-4
876	1.263964E-4
877	1.253969E-4
878	1.128011E-4
879	1.108599E-4
880	1.160164E-4
881	1.196024E-4
882	1.210023E-4
883	1.214219E-4
884	1.25185E-4
885	1.240023E-4
886	1.287964E-4
887	1.935999E-4
888	2.368023E-4
889	1.146036E-4
890	1.177941E-4
891	1.158083E-4
892	8.17977E-5
893	8.62023E-5
894	9.22034E-5
895	8.86072E-5
896	1.284112E-4
897	1.202012E-4
898	1.198071E-4
899	1.256059E-4
900	1.266058E-4
901	1.13007E-4
902	1.222034E-4
903	1.608059E-4
904	1.156009E-4
905	1.150118E-4
906	1.144036E-4
907	1.158035E-4
908	1.179999E-4
909	1.226387E-4
910	1.235892E-4
911	1.189967E-4
912	1.250024E-4
913	1.230069E-4
914	1.234E-4
915	1.216012E-4
916	2.104167E-4
917	1.124304E-4
918	1.110034E-4
919	1.182023E-4
920	1.250046E-4
921	1.231953E-4
922	1.210023E-4
923	1.254047E-4
924	1.227928E-4
925	1.140035E-4
926	1.094048E-4
927	1.093969E-4
928	1.198071E-4
929	1.224024E-4
930	1.240093E-4
931	1.238122E-4
932	1.136344E-4
933	1.149976E-4
934	1.139966E-4
935	1.001865E-4
936	1.17265E-4
937	1.160035E-4
938	1.220036E-4
939	1.234126E-4
940	1.232035E-4
941	1.226012E-4
942	1.221952E-4
943	1.21807E-4
944	1.140115E-4
945	1.120012E-4
946	1.154085E-4
947	1.262081E-4
948	1.216057E-4
949	1.248023E-4
950	1.07208E-4
951	1.202035E-4
952	1.21812E-4
953	1.197999E-4
954	1.170048E-4
955	1.142012E-4
956	1.362E-4
957	1.232059E-4
958	1.246126E-4
959	1.229872E-4
960	1.246822E-4
961	1.204085E-4
962	1.114104E-4
963	1.162E-4
964	1.128072E-4
965	1.112023E-4
966	1.176059E-4
967	1.161989E-4
968	1.203988E-4
969	1.232094E-4
970	1.206117E-4
971	1.249978E-4
972	1.266024E-4
973	1.60997E-4
974	2.283044E-4
975	1.131941E-4
976	1.125988E-4
977	1.126035E-4
978	1.19808E-4
979	1.204011E-4
980	1.254011E-4
981	1.232035E-4
982	1.285892E-4
983	1.242136E-4
984	1.254436E-4
985	1.227977E-4
986	1.192036E-4
987	1.117988E-4
988	1.150068E-4
989	1.146023E-4
990	1.225977E-4
991	1.272035E-4
992	1.227748E-4
993	1.264047E-4
994	1.264069E-4
995	1.19408E-4
996	1.128071E-4
997	1.038012E-4
998	1.150012E-4
999	1.214056E-4
